<?xml version="1.0" encoding="UTF-8"?>
<testng-results ignored="0" total="1" passed="1" failed="0" skipped="0">
  <reporter-output>
  </reporter-output>
  <suite started-at="2024-05-16T02:37:00 PDT" name="Default suite" finished-at="2024-05-16T02:37:00 PDT" duration-ms="59">
    <groups>
    </groups>
    <test started-at="2024-05-16T02:37:00 PDT" name="Default test" finished-at="2024-05-16T02:37:00 PDT" duration-ms="59">
      <class name="package1.ContactTest">
        <test-method signature="createContactTest()[pri:0, instance:package1.ContactTest@7f0eb4b4]" started-at="2024-05-16T02:37:00 PDT" name="createContactTest" finished-at="2024-05-16T02:37:00 PDT" duration-ms="8" status="PASS">
          <reporter-output>
          </reporter-output>
        </test-method> <!-- createContactTest -->
      </class> <!-- package1.ContactTest -->
    </test> <!-- Default test -->
  </suite> <!-- Default suite -->
</testng-results>
