<?xml version="1.0" encoding="UTF-8"?>
<!-- Generated by org.testng.reporters.JUnitXMLReporter -->
<testsuite ignored="1" hostname="LAPTOP-IL8SBD7O" failures="0" tests="1" name="Default test" time="0.059" errors="0" timestamp="2024-05-16T02:37:00 PDT">
  <testcase classname="package1.ContactTest" name="createContactTest" time="0.008"/>
  <testcase classname="package1.ContactTest" name="modifyContactTest" time="0.0">
    <ignored/>
  </testcase> <!-- modifyContactTest -->
</testsuite> <!-- Default test -->
